Performing C SOURCE FILE Test CMAKE_HAVE_LIBC_PTHREAD failed with the following output:
Change Dir: /home/kirill2000/LABA10/cmake-build-debug/CMakeFiles/CMakeTmp

Run Build Command(s):/usr/bin/make cmTC_5520d/fast && /usr/bin/make -f CMakeFiles/cmTC_5520d.dir/build.make CMakeFiles/cmTC_5520d.dir/build
make[1]: вход в каталог «/home/kirill2000/LABA10/cmake-build-debug/CMakeFiles/CMakeTmp»
Building C object CMakeFiles/cmTC_5520d.dir/src.c.o
/usr/bin/gcc   -DCMAKE_HAVE_LIBC_PTHREAD   -o CMakeFiles/cmTC_5520d.dir/src.c.o   -c /home/kirill2000/LABA10/cmake-build-debug/CMakeFiles/CMakeTmp/src.c
Linking C executable cmTC_5520d
/home/kirill2000/clion-2020.1/bin/cmake/linux/bin/cmake -E cmake_link_script CMakeFiles/cmTC_5520d.dir/link.txt --verbose=1
/usr/bin/gcc  -DCMAKE_HAVE_LIBC_PTHREAD    CMakeFiles/cmTC_5520d.dir/src.c.o  -o cmTC_5520d 
CMakeFiles/cmTC_5520d.dir/src.c.o: In function `main':
src.c:(.text+0x3e): undefined reference to `pthread_create'
src.c:(.text+0x4a): undefined reference to `pthread_detach'
src.c:(.text+0x5b): undefined reference to `pthread_join'
src.c:(.text+0x6f): undefined reference to `pthread_atfork'
collect2: error: ld returned 1 exit status
CMakeFiles/cmTC_5520d.dir/build.make:86: recipe for target 'cmTC_5520d' failed
make[1]: *** [cmTC_5520d] Error 1
make[1]: выход из каталога «/home/kirill2000/LABA10/cmake-build-debug/CMakeFiles/CMakeTmp»
Makefile:121: recipe for target 'cmTC_5520d/fast' failed
make: *** [cmTC_5520d/fast] Error 2


Source file was:
#include <pthread.h>

void* test_func(void* data)
{
  return data;
}

int main(void)
{
  pthread_t thread;
  pthread_create(&thread, NULL, test_func, NULL);
  pthread_detach(thread);
  pthread_join(thread, NULL);
  pthread_atfork(NULL, NULL, NULL);
  pthread_exit(NULL);

  return 0;
}

Determining if the function pthread_create exists in the pthreads failed with the following output:
Change Dir: /home/kirill2000/LABA10/cmake-build-debug/CMakeFiles/CMakeTmp

Run Build Command(s):/usr/bin/make cmTC_d091d/fast && /usr/bin/make -f CMakeFiles/cmTC_d091d.dir/build.make CMakeFiles/cmTC_d091d.dir/build
make[1]: вход в каталог «/home/kirill2000/LABA10/cmake-build-debug/CMakeFiles/CMakeTmp»
Building C object CMakeFiles/cmTC_d091d.dir/CheckFunctionExists.c.o
/usr/bin/gcc   -DCHECK_FUNCTION_EXISTS=pthread_create   -o CMakeFiles/cmTC_d091d.dir/CheckFunctionExists.c.o   -c /home/kirill2000/clion-2020.1/bin/cmake/linux/share/cmake-3.16/Modules/CheckFunctionExists.c
Linking C executable cmTC_d091d
/home/kirill2000/clion-2020.1/bin/cmake/linux/bin/cmake -E cmake_link_script CMakeFiles/cmTC_d091d.dir/link.txt --verbose=1
/usr/bin/gcc  -DCHECK_FUNCTION_EXISTS=pthread_create    CMakeFiles/cmTC_d091d.dir/CheckFunctionExists.c.o  -o cmTC_d091d  -lpthreads 
/usr/bin/ld: cannot find -lpthreads
collect2: error: ld returned 1 exit status
CMakeFiles/cmTC_d091d.dir/build.make:86: recipe for target 'cmTC_d091d' failed
make[1]: *** [cmTC_d091d] Error 1
make[1]: выход из каталога «/home/kirill2000/LABA10/cmake-build-debug/CMakeFiles/CMakeTmp»
Makefile:121: recipe for target 'cmTC_d091d/fast' failed
make: *** [cmTC_d091d/fast] Error 2



